Simulation Parameters:
Trace Prefix: app1
Set Index Bits: 6
Associativity: 4
Block Bits: 5
Block Size (Bytes): 32
Number of Sets: 64
Cache Size (KB per core): 8
MESI Protocol: Enabled
Write Policy: Write-back, Write-allocate
Replacement Policy: LRU
Bus: Central snooping bus

Core 0 Statistics:
Total Instructions: 2497349
Total Reads: 1489888
Total Writes: 1007461
Total Execution Cycles: 4815436
Idle Cycles: 1885158
Cache Misses: 22740
Cache Miss Rate: 0.91%
Cache Evictions: 22432
Writebacks: 2276
Bus Invalidations: 2126
Data Traffic (Bytes): 818720

Core 1 Statistics:
Total Instructions: 2490468
Total Reads: 1485857
Total Writes: 1004611
Total Execution Cycles: 4707077
Idle Cycles: 2386640
Cache Misses: 22100
Cache Miss Rate: 0.89%
Cache Evictions: 21798
Writebacks: 1871
Bus Invalidations: 1807
Data Traffic (Bytes): 793792

Core 2 Statistics:
Total Instructions: 2509057
Total Reads: 1492629
Total Writes: 1016428
Total Execution Cycles: 5511161
Idle Cycles: 4521788
Cache Misses: 27021
Cache Miss Rate: 1.08%
Cache Evictions: 26731
Writebacks: 5196
Bus Invalidations: 4628
Data Traffic (Bytes): 1098592

Core 3 Statistics:
Total Instructions: 2503127
Total Reads: 1493736
Total Writes: 1009391
Total Execution Cycles: 4775765
Idle Cycles: 6399392
Cache Misses: 22511
Cache Miss Rate: 0.90%
Cache Evictions: 22231
Writebacks: 2024
Bus Invalidations: 1882
Data Traffic (Bytes): 949280

Overall Bus Summary:
Total Bus Transactions: 94523
Total Bus Traffic (Bytes): 3391008
Simulation completed in 11175157 cycles.
