Simulation Parameters:
Trace Prefix: app1
Set Index Bits: 6
Associativity: 4
Block Bits: 6
Block Size (Bytes): 64
Number of Sets: 64
Cache Size (KB per core): 16
MESI Protocol: Enabled
Write Policy: Write-back, Write-allocate
Replacement Policy: LRU
Bus: Central snooping bus

Core 0 Statistics:
Total Instructions: 2497349
Total Reads: 1489888
Total Writes: 1007461
Total Execution Cycles: 4534580
Idle Cycles: 1663405
Cache Misses: 20270
Cache Miss Rate: 0.81%
Cache Evictions: 19980
Writebacks: 1230
Bus Invalidations: 1142
Data Traffic (Bytes): 1393664

Core 1 Statistics:
Total Instructions: 2490468
Total Reads: 1485857
Total Writes: 1004611
Total Execution Cycles: 4483615
Idle Cycles: 1957234
Cache Misses: 19963
Cache Miss Rate: 0.80%
Cache Evictions: 19675
Writebacks: 1029
Bus Invalidations: 983
Data Traffic (Bytes): 1378624

Core 2 Statistics:
Total Instructions: 2509057
Total Reads: 1492629
Total Writes: 1016428
Total Execution Cycles: 4914849
Idle Cycles: 3620982
Cache Misses: 22771
Cache Miss Rate: 0.91%
Cache Evictions: 22479
Writebacks: 2744
Bus Invalidations: 2417
Data Traffic (Bytes): 1744960

Core 3 Statistics:
Total Instructions: 2503127
Total Reads: 1493736
Total Writes: 1009391
Total Execution Cycles: 4527248
Idle Cycles: 5178451
Cache Misses: 20302
Cache Miss Rate: 0.81%
Cache Evictions: 20027
Writebacks: 1119
Bus Invalidations: 1042
Data Traffic (Bytes): 1644480

Overall Bus Summary:
Total Bus Transactions: 83473
Total Bus Traffic (Bytes): 5736960
Simulation completed in 9705699 cycles.
